[0.056s] DEBUG:colcon:Command line arguments: ['/usr/bin/colcon', 'build', '--symlink-install', '--packages-select', 'joy_motor_test_deg']
[0.056s] DEBUG:colcon:Parsed command line arguments: Namespace(log_base=None, log_level=None, verb_name='build', build_base='build', install_base='install', merge_install=False, symlink_install=True, test_result_base=None, continue_on_error=False, executor='parallel', parallel_workers=24, event_handlers=None, ignore_user_meta=False, metas=['./colcon.meta'], base_paths=['.'], packages_ignore=None, packages_ignore_regex=None, paths=None, packages_up_to=None, packages_up_to_regex=None, packages_above=None, packages_above_and_dependencies=None, packages_above_depth=None, packages_select_by_dep=None, packages_skip_by_dep=None, packages_skip_up_to=None, packages_select_build_failed=False, packages_skip_build_finished=False, packages_select_test_failures=False, packages_skip_test_passed=False, packages_select=['joy_motor_test_deg'], packages_skip=None, packages_select_regex=None, packages_skip_regex=None, packages_start=None, packages_end=None, allow_overriding=[], cmake_args=None, cmake_target=None, cmake_target_skip_unavailable=False, cmake_clean_cache=False, cmake_clean_first=False, cmake_force_configure=False, ament_cmake_args=None, catkin_cmake_args=None, catkin_skip_building_tests=False, verb_parser=<colcon_defaults.argument_parser.defaults.DefaultArgumentsDecorator object at 0x769d21b5d930>, verb_extension=<colcon_core.verb.build.BuildVerb object at 0x769d21b5d3f0>, main=<bound method BuildVerb.main of <colcon_core.verb.build.BuildVerb object at 0x769d21b5d3f0>>)
[0.142s] Level 1:colcon.colcon_core.package_discovery:discover_packages(colcon_meta) check parameters
[0.142s] Level 1:colcon.colcon_core.package_discovery:discover_packages(recursive) check parameters
[0.142s] Level 1:colcon.colcon_core.package_discovery:discover_packages(ignore) check parameters
[0.142s] Level 1:colcon.colcon_core.package_discovery:discover_packages(path) check parameters
[0.142s] Level 1:colcon.colcon_core.package_discovery:discover_packages(colcon_meta) discover
[0.142s] Level 1:colcon.colcon_core.package_discovery:discover_packages(recursive) discover
[0.142s] INFO:colcon.colcon_core.package_discovery:Crawling recursively for packages in '/home/s/joy_deg_test_ws'
[0.142s] Level 1:colcon.colcon_core.package_identification:_identify(.) by extensions ['ignore', 'ignore_ament_install']
[0.142s] Level 1:colcon.colcon_core.package_identification:_identify(.) by extension 'ignore'
[0.142s] Level 1:colcon.colcon_core.package_identification:_identify(.) by extension 'ignore_ament_install'
[0.142s] Level 1:colcon.colcon_core.package_identification:_identify(.) by extensions ['colcon_pkg']
[0.142s] Level 1:colcon.colcon_core.package_identification:_identify(.) by extension 'colcon_pkg'
[0.142s] Level 1:colcon.colcon_core.package_identification:_identify(.) by extensions ['colcon_meta']
[0.142s] Level 1:colcon.colcon_core.package_identification:_identify(.) by extension 'colcon_meta'
[0.142s] Level 1:colcon.colcon_core.package_identification:_identify(.) by extensions ['ros']
[0.142s] Level 1:colcon.colcon_core.package_identification:_identify(.) by extension 'ros'
[0.148s] Level 1:colcon.colcon_core.package_identification:_identify(.) by extensions ['cmake', 'python']
[0.148s] Level 1:colcon.colcon_core.package_identification:_identify(.) by extension 'cmake'
[0.148s] Level 1:colcon.colcon_core.package_identification:_identify(.) by extension 'python'
[0.148s] Level 1:colcon.colcon_core.package_identification:_identify(.) by extensions ['python_setup_py']
[0.148s] Level 1:colcon.colcon_core.package_identification:_identify(.) by extension 'python_setup_py'
[0.148s] Level 1:colcon.colcon_core.package_identification:_identify(build) by extensions ['ignore', 'ignore_ament_install']
[0.148s] Level 1:colcon.colcon_core.package_identification:_identify(build) by extension 'ignore'
[0.148s] Level 1:colcon.colcon_core.package_identification:_identify(build) ignored
[0.148s] Level 1:colcon.colcon_core.package_identification:_identify(install) by extensions ['ignore', 'ignore_ament_install']
[0.148s] Level 1:colcon.colcon_core.package_identification:_identify(install) by extension 'ignore'
[0.149s] Level 1:colcon.colcon_core.package_identification:_identify(install) ignored
[0.149s] Level 1:colcon.colcon_core.package_identification:_identify(log) by extensions ['ignore', 'ignore_ament_install']
[0.149s] Level 1:colcon.colcon_core.package_identification:_identify(log) by extension 'ignore'
[0.149s] Level 1:colcon.colcon_core.package_identification:_identify(log) ignored
[0.149s] Level 1:colcon.colcon_core.package_identification:_identify(src) by extensions ['ignore', 'ignore_ament_install']
[0.149s] Level 1:colcon.colcon_core.package_identification:_identify(src) by extension 'ignore'
[0.149s] Level 1:colcon.colcon_core.package_identification:_identify(src) by extension 'ignore_ament_install'
[0.149s] Level 1:colcon.colcon_core.package_identification:_identify(src) by extensions ['colcon_pkg']
[0.149s] Level 1:colcon.colcon_core.package_identification:_identify(src) by extension 'colcon_pkg'
[0.149s] Level 1:colcon.colcon_core.package_identification:_identify(src) by extensions ['colcon_meta']
[0.149s] Level 1:colcon.colcon_core.package_identification:_identify(src) by extension 'colcon_meta'
[0.149s] Level 1:colcon.colcon_core.package_identification:_identify(src) by extensions ['ros']
[0.149s] Level 1:colcon.colcon_core.package_identification:_identify(src) by extension 'ros'
[0.149s] Level 1:colcon.colcon_core.package_identification:_identify(src) by extensions ['cmake', 'python']
[0.149s] Level 1:colcon.colcon_core.package_identification:_identify(src) by extension 'cmake'
[0.149s] Level 1:colcon.colcon_core.package_identification:_identify(src) by extension 'python'
[0.149s] Level 1:colcon.colcon_core.package_identification:_identify(src) by extensions ['python_setup_py']
[0.149s] Level 1:colcon.colcon_core.package_identification:_identify(src) by extension 'python_setup_py'
[0.149s] Level 1:colcon.colcon_core.package_identification:_identify(src/joy_motor_test_deg) by extensions ['ignore', 'ignore_ament_install']
[0.149s] Level 1:colcon.colcon_core.package_identification:_identify(src/joy_motor_test_deg) by extension 'ignore'
[0.149s] Level 1:colcon.colcon_core.package_identification:_identify(src/joy_motor_test_deg) by extension 'ignore_ament_install'
[0.149s] Level 1:colcon.colcon_core.package_identification:_identify(src/joy_motor_test_deg) by extensions ['colcon_pkg']
[0.149s] Level 1:colcon.colcon_core.package_identification:_identify(src/joy_motor_test_deg) by extension 'colcon_pkg'
[0.149s] Level 1:colcon.colcon_core.package_identification:_identify(src/joy_motor_test_deg) by extensions ['colcon_meta']
[0.149s] Level 1:colcon.colcon_core.package_identification:_identify(src/joy_motor_test_deg) by extension 'colcon_meta'
[0.149s] Level 1:colcon.colcon_core.package_identification:_identify(src/joy_motor_test_deg) by extensions ['ros']
[0.149s] Level 1:colcon.colcon_core.package_identification:_identify(src/joy_motor_test_deg) by extension 'ros'
[0.150s] DEBUG:colcon.colcon_core.package_identification:Package 'src/joy_motor_test_deg' with type 'ros.ament_python' and name 'joy_motor_test_deg'
[0.150s] Level 1:colcon.colcon_core.package_discovery:discover_packages(recursive) using defaults
[0.150s] Level 1:colcon.colcon_core.package_discovery:discover_packages(ignore) discover
[0.150s] Level 1:colcon.colcon_core.package_discovery:discover_packages(ignore) using defaults
[0.150s] Level 1:colcon.colcon_core.package_discovery:discover_packages(path) discover
[0.151s] Level 1:colcon.colcon_core.package_discovery:discover_packages(path) using defaults
[0.167s] Level 1:colcon.colcon_core.package_discovery:discover_packages(prefix_path) check parameters
[0.167s] Level 1:colcon.colcon_core.package_discovery:discover_packages(prefix_path) discover
[0.168s] DEBUG:colcon.colcon_installed_package_information.package_discovery:Found 290 installed packages in /opt/ros/humble
[0.169s] Level 1:colcon.colcon_core.package_discovery:discover_packages(prefix_path) using defaults
[0.189s] Level 5:colcon.colcon_core.verb:set package 'joy_motor_test_deg' build argument 'cmake_args' from command line to 'None'
[0.189s] Level 5:colcon.colcon_core.verb:set package 'joy_motor_test_deg' build argument 'cmake_target' from command line to 'None'
[0.189s] Level 5:colcon.colcon_core.verb:set package 'joy_motor_test_deg' build argument 'cmake_target_skip_unavailable' from command line to 'False'
[0.189s] Level 5:colcon.colcon_core.verb:set package 'joy_motor_test_deg' build argument 'cmake_clean_cache' from command line to 'False'
[0.189s] Level 5:colcon.colcon_core.verb:set package 'joy_motor_test_deg' build argument 'cmake_clean_first' from command line to 'False'
[0.189s] Level 5:colcon.colcon_core.verb:set package 'joy_motor_test_deg' build argument 'cmake_force_configure' from command line to 'False'
[0.189s] Level 5:colcon.colcon_core.verb:set package 'joy_motor_test_deg' build argument 'ament_cmake_args' from command line to 'None'
[0.189s] Level 5:colcon.colcon_core.verb:set package 'joy_motor_test_deg' build argument 'catkin_cmake_args' from command line to 'None'
[0.189s] Level 5:colcon.colcon_core.verb:set package 'joy_motor_test_deg' build argument 'catkin_skip_building_tests' from command line to 'False'
[0.189s] DEBUG:colcon.colcon_core.verb:Building package 'joy_motor_test_deg' with the following arguments: {'ament_cmake_args': None, 'build_base': '/home/s/joy_deg_test_ws/build/joy_motor_test_deg', 'catkin_cmake_args': None, 'catkin_skip_building_tests': False, 'cmake_args': None, 'cmake_clean_cache': False, 'cmake_clean_first': False, 'cmake_force_configure': False, 'cmake_target': None, 'cmake_target_skip_unavailable': False, 'install_base': '/home/s/joy_deg_test_ws/install/joy_motor_test_deg', 'merge_install': False, 'path': '/home/s/joy_deg_test_ws/src/joy_motor_test_deg', 'symlink_install': True, 'test_result_base': None}
[0.189s] INFO:colcon.colcon_core.executor:Executing jobs using 'parallel' executor
[0.190s] DEBUG:colcon.colcon_parallel_executor.executor.parallel:run_until_complete
[0.190s] INFO:colcon.colcon_ros.task.ament_python.build:Building ROS package in '/home/s/joy_deg_test_ws/src/joy_motor_test_deg' with build type 'ament_python'
[0.190s] Level 1:colcon.colcon_core.shell:create_environment_hook('joy_motor_test_deg', 'ament_prefix_path')
[0.191s] INFO:colcon.colcon_core.plugin_system:Skipping extension 'colcon_core.shell.bat': Not used on non-Windows systems
[0.191s] INFO:colcon.colcon_core.shell:Creating environment hook '/home/s/joy_deg_test_ws/install/joy_motor_test_deg/share/joy_motor_test_deg/hook/ament_prefix_path.ps1'
[0.191s] INFO:colcon.colcon_core.shell:Creating environment descriptor '/home/s/joy_deg_test_ws/install/joy_motor_test_deg/share/joy_motor_test_deg/hook/ament_prefix_path.dsv'
[0.191s] INFO:colcon.colcon_core.shell:Creating environment hook '/home/s/joy_deg_test_ws/install/joy_motor_test_deg/share/joy_motor_test_deg/hook/ament_prefix_path.sh'
[0.192s] INFO:colcon.colcon_core.shell:Skip shell extension 'powershell' for command environment: Not usable outside of PowerShell
[0.192s] DEBUG:colcon.colcon_core.shell:Skip shell extension 'dsv' for command environment
[0.328s] INFO:colcon.colcon_core.task.python.build:Building Python package in '/home/s/joy_deg_test_ws/src/joy_motor_test_deg'
[0.329s] INFO:colcon.colcon_core.shell:Skip shell extension 'powershell' for command environment: Not usable outside of PowerShell
[0.329s] DEBUG:colcon.colcon_core.shell:Skip shell extension 'dsv' for command environment
[30.220s] DEBUG:colcon.colcon_core.task.python.build:Available setuptools commands: install_lib, register, install_egg_info, install_headers, extract_messages, init_catalog, alias, easy_install, rotate, bdist_dumb, build_py, compile_catalog, update_catalog, dist_info, install_data, egg_info, build_scripts, build, build_ext, bdist_rpm, setopt, build_clib, test, saveopts, clean, upload, symlink_data, bdist_wheel, check, upload_docs, bdist, sdist, develop, install_scripts, install, bdist_egg
[30.381s] DEBUG:colcon.colcon_core.task.python.build:Available setuptools 'develop' options: --script-dir, --build-directory, --verbose, --no-user-cfg, --site-dirs, --version, --optimize, --upgrade, --record, --index-url, --install-layout, --local-snapshots-ok, --editable, --find-links, --exclude-scripts, --always-copy, --always-unzip, --install-dir, --help, --dry-run, --no-find-links, --user, --quiet, --allow-hosts, --no-deps, --egg-path, --uninstall, --zip-ok, --prefix, --force-installation-into-system-dir, --multi-version
[30.382s] DEBUG:colcon.colcon_core.event_handler.log_command:Invoking command in '/home/s/joy_deg_test_ws/build/joy_motor_test_deg': PYTHONPATH=/home/s/joy_deg_test_ws/build/joy_motor_test_deg/prefix_override:/usr/lib/python3/dist-packages/colcon_core/task/python/colcon_distutils_commands:/home/s/joy_deg_test_ws/install/joy_motor_test_deg/lib/python3.10/site-packages:${PYTHONPATH} /usr/bin/python3 -W ignore:setup.py install is deprecated -W ignore:easy_install command is deprecated setup.py develop --editable --build-directory /home/s/joy_deg_test_ws/build/joy_motor_test_deg/build --no-deps symlink_data
[30.614s] Level 1:colcon.colcon_core.shell:create_environment_hook('joy_motor_test_deg', 'pythonpath_develop')
[30.615s] INFO:colcon.colcon_core.shell:Creating environment hook '/home/s/joy_deg_test_ws/build/joy_motor_test_deg/share/joy_motor_test_deg/hook/pythonpath_develop.ps1'
[30.615s] DEBUG:colcon.colcon_core.event_handler.log_command:Invoked command in '/home/s/joy_deg_test_ws/build/joy_motor_test_deg' returned '0': PYTHONPATH=/home/s/joy_deg_test_ws/build/joy_motor_test_deg/prefix_override:/usr/lib/python3/dist-packages/colcon_core/task/python/colcon_distutils_commands:/home/s/joy_deg_test_ws/install/joy_motor_test_deg/lib/python3.10/site-packages:${PYTHONPATH} /usr/bin/python3 -W ignore:setup.py install is deprecated -W ignore:easy_install command is deprecated setup.py develop --editable --build-directory /home/s/joy_deg_test_ws/build/joy_motor_test_deg/build --no-deps symlink_data
[30.615s] INFO:colcon.colcon_core.shell:Creating environment descriptor '/home/s/joy_deg_test_ws/build/joy_motor_test_deg/share/joy_motor_test_deg/hook/pythonpath_develop.dsv'
[30.615s] INFO:colcon.colcon_core.shell:Creating environment hook '/home/s/joy_deg_test_ws/build/joy_motor_test_deg/share/joy_motor_test_deg/hook/pythonpath_develop.sh'
[30.616s] Level 1:colcon.colcon_core.environment:checking '/home/s/joy_deg_test_ws/install/joy_motor_test_deg' for CMake module files
[30.617s] Level 1:colcon.colcon_core.environment:checking '/home/s/joy_deg_test_ws/install/joy_motor_test_deg' for CMake config files
[30.617s] Level 1:colcon.colcon_core.environment:checking '/home/s/joy_deg_test_ws/install/joy_motor_test_deg/lib'
[30.617s] Level 1:colcon.colcon_core.environment:checking '/home/s/joy_deg_test_ws/install/joy_motor_test_deg/bin'
[30.617s] Level 1:colcon.colcon_core.environment:checking '/home/s/joy_deg_test_ws/install/joy_motor_test_deg/lib/pkgconfig/joy_motor_test_deg.pc'
[30.617s] Level 1:colcon.colcon_core.environment:checking '/home/s/joy_deg_test_ws/install/joy_motor_test_deg/lib/python3.10/site-packages'
[30.617s] Level 1:colcon.colcon_core.shell:create_environment_hook('joy_motor_test_deg', 'pythonpath')
[30.617s] INFO:colcon.colcon_core.shell:Creating environment hook '/home/s/joy_deg_test_ws/install/joy_motor_test_deg/share/joy_motor_test_deg/hook/pythonpath.ps1'
[30.617s] INFO:colcon.colcon_core.shell:Creating environment descriptor '/home/s/joy_deg_test_ws/install/joy_motor_test_deg/share/joy_motor_test_deg/hook/pythonpath.dsv'
[30.618s] INFO:colcon.colcon_core.shell:Creating environment hook '/home/s/joy_deg_test_ws/install/joy_motor_test_deg/share/joy_motor_test_deg/hook/pythonpath.sh'
[30.618s] Level 1:colcon.colcon_core.environment:checking '/home/s/joy_deg_test_ws/install/joy_motor_test_deg/bin'
[30.618s] Level 1:colcon.colcon_core.environment:create_environment_scripts_only(joy_motor_test_deg)
[30.618s] INFO:colcon.colcon_core.shell:Creating package script '/home/s/joy_deg_test_ws/install/joy_motor_test_deg/share/joy_motor_test_deg/package.ps1'
[30.619s] INFO:colcon.colcon_core.shell:Creating package descriptor '/home/s/joy_deg_test_ws/install/joy_motor_test_deg/share/joy_motor_test_deg/package.dsv'
[30.619s] INFO:colcon.colcon_core.shell:Creating package script '/home/s/joy_deg_test_ws/install/joy_motor_test_deg/share/joy_motor_test_deg/package.sh'
[30.619s] INFO:colcon.colcon_core.shell:Creating package script '/home/s/joy_deg_test_ws/install/joy_motor_test_deg/share/joy_motor_test_deg/package.bash'
[30.619s] INFO:colcon.colcon_core.shell:Creating package script '/home/s/joy_deg_test_ws/install/joy_motor_test_deg/share/joy_motor_test_deg/package.zsh'
[30.620s] Level 1:colcon.colcon_core.environment:create_file_with_runtime_dependencies(/home/s/joy_deg_test_ws/install/joy_motor_test_deg/share/colcon-core/packages/joy_motor_test_deg)
[30.620s] DEBUG:colcon.colcon_parallel_executor.executor.parallel:closing loop
[30.620s] DEBUG:colcon.colcon_parallel_executor.executor.parallel:loop closed
[30.620s] DEBUG:colcon.colcon_parallel_executor.executor.parallel:run_until_complete finished with '0'
[30.620s] DEBUG:colcon.colcon_core.event_reactor:joining thread
[30.622s] INFO:colcon.colcon_core.plugin_system:Skipping extension 'colcon_notification.desktop_notification.terminal_notifier': Not used on non-Darwin systems
[30.622s] INFO:colcon.colcon_core.plugin_system:Skipping extension 'colcon_notification.desktop_notification.win32': Not used on non-Windows systems
[30.623s] INFO:colcon.colcon_notification.desktop_notification:Sending desktop notification using 'notify2'
[30.623s] DEBUG:colcon.colcon_notification.desktop_notification.notify2:Failed to initialize notify2: org.freedesktop.DBus.Error.AccessDenied: Failed to connect to socket /run/user/1000/bus: Operation not permitted
[30.623s] DEBUG:colcon.colcon_core.event_reactor:joined thread
[30.623s] INFO:colcon.colcon_core.shell:Creating prefix script '/home/s/joy_deg_test_ws/install/local_setup.ps1'
[30.623s] INFO:colcon.colcon_core.shell:Creating prefix util module '/home/s/joy_deg_test_ws/install/_local_setup_util_ps1.py'
[30.624s] INFO:colcon.colcon_core.shell:Creating prefix chain script '/home/s/joy_deg_test_ws/install/setup.ps1'
[30.624s] INFO:colcon.colcon_core.shell:Creating prefix script '/home/s/joy_deg_test_ws/install/local_setup.sh'
[30.624s] INFO:colcon.colcon_core.shell:Creating prefix util module '/home/s/joy_deg_test_ws/install/_local_setup_util_sh.py'
[30.624s] INFO:colcon.colcon_core.shell:Creating prefix chain script '/home/s/joy_deg_test_ws/install/setup.sh'
[30.625s] INFO:colcon.colcon_core.shell:Creating prefix script '/home/s/joy_deg_test_ws/install/local_setup.bash'
[30.625s] INFO:colcon.colcon_core.shell:Creating prefix chain script '/home/s/joy_deg_test_ws/install/setup.bash'
[30.625s] INFO:colcon.colcon_core.shell:Creating prefix script '/home/s/joy_deg_test_ws/install/local_setup.zsh'
[30.626s] INFO:colcon.colcon_core.shell:Creating prefix chain script '/home/s/joy_deg_test_ws/install/setup.zsh'
